{"/Users/jorgeluis/Documents/pruebaTecnica/Culqi/culqi-serveless/src/libs/utils.ts": {"path":"/Users/jorgeluis/Documents/pruebaTecnica/Culqi/culqi-serveless/src/libs/utils.ts","all":false,"statementMap":{"0":{"start":{"line":1,"column":0},"end":{"line":1,"column":34}},"1":{"start":{"line":2,"column":0},"end":{"line":2,"column":0}},"2":{"start":{"line":3,"column":0},"end":{"line":3,"column":44}},"3":{"start":{"line":4,"column":0},"end":{"line":4,"column":20}},"4":{"start":{"line":5,"column":0},"end":{"line":5,"column":69}},"5":{"start":{"line":6,"column":0},"end":{"line":6,"column":17}},"6":{"start":{"line":7,"column":0},"end":{"line":7,"column":0}},"7":{"start":{"line":8,"column":0},"end":{"line":8,"column":32}},"8":{"start":{"line":9,"column":0},"end":{"line":9,"column":74}},"9":{"start":{"line":10,"column":0},"end":{"line":10,"column":48}},"10":{"start":{"line":11,"column":0},"end":{"line":11,"column":3}},"11":{"start":{"line":12,"column":0},"end":{"line":12,"column":0}},"12":{"start":{"line":13,"column":0},"end":{"line":13,"column":15}},"13":{"start":{"line":14,"column":0},"end":{"line":14,"column":2}},"14":{"start":{"line":15,"column":0},"end":{"line":15,"column":51}},"15":{"start":{"line":16,"column":0},"end":{"line":16,"column":33}},"16":{"start":{"line":17,"column":0},"end":{"line":17,"column":0}},"17":{"start":{"line":18,"column":0},"end":{"line":18,"column":55}},"18":{"start":{"line":19,"column":0},"end":{"line":19,"column":74}},"19":{"start":{"line":20,"column":0},"end":{"line":20,"column":71}},"20":{"start":{"line":21,"column":0},"end":{"line":21,"column":0}},"21":{"start":{"line":22,"column":0},"end":{"line":22,"column":27}},"22":{"start":{"line":23,"column":0},"end":{"line":23,"column":2}},"23":{"start":{"line":24,"column":0},"end":{"line":24,"column":55}},"24":{"start":{"line":25,"column":0},"end":{"line":25,"column":33}},"25":{"start":{"line":26,"column":0},"end":{"line":26,"column":61}},"26":{"start":{"line":27,"column":0},"end":{"line":27,"column":17}},"27":{"start":{"line":28,"column":0},"end":{"line":28,"column":2}},"28":{"start":{"line":29,"column":0},"end":{"line":29,"column":0}},"29":{"start":{"line":30,"column":0},"end":{"line":30,"column":68}},"30":{"start":{"line":31,"column":0},"end":{"line":31,"column":61}},"31":{"start":{"line":32,"column":0},"end":{"line":32,"column":45}},"32":{"start":{"line":33,"column":0},"end":{"line":33,"column":0}},"33":{"start":{"line":34,"column":0},"end":{"line":34,"column":67}},"34":{"start":{"line":35,"column":0},"end":{"line":35,"column":6}},"35":{"start":{"line":36,"column":0},"end":{"line":36,"column":44}},"36":{"start":{"line":37,"column":0},"end":{"line":37,"column":62}},"37":{"start":{"line":38,"column":0},"end":{"line":38,"column":5}},"38":{"start":{"line":39,"column":0},"end":{"line":39,"column":55}},"39":{"start":{"line":40,"column":0},"end":{"line":40,"column":10}},"40":{"start":{"line":41,"column":0},"end":{"line":41,"column":59}},"41":{"start":{"line":42,"column":0},"end":{"line":42,"column":3}},"42":{"start":{"line":43,"column":0},"end":{"line":43,"column":2}},"43":{"start":{"line":44,"column":0},"end":{"line":44,"column":49}},"44":{"start":{"line":45,"column":0},"end":{"line":45,"column":30}},"45":{"start":{"line":46,"column":0},"end":{"line":46,"column":35}},"46":{"start":{"line":47,"column":0},"end":{"line":47,"column":29}},"47":{"start":{"line":48,"column":0},"end":{"line":48,"column":41}},"48":{"start":{"line":49,"column":0},"end":{"line":49,"column":6}},"49":{"start":{"line":50,"column":0},"end":{"line":50,"column":3}},"50":{"start":{"line":51,"column":0},"end":{"line":51,"column":0}},"51":{"start":{"line":52,"column":0},"end":{"line":52,"column":55}},"52":{"start":{"line":53,"column":0},"end":{"line":53,"column":18}},"53":{"start":{"line":54,"column":0},"end":{"line":54,"column":29}},"54":{"start":{"line":55,"column":0},"end":{"line":55,"column":4}},"55":{"start":{"line":56,"column":0},"end":{"line":56,"column":16}},"56":{"start":{"line":57,"column":0},"end":{"line":57,"column":2}}},"s":{"0":1,"1":1,"2":1,"3":1,"4":1,"5":1,"6":1,"7":1,"8":16,"9":16,"10":16,"11":1,"12":1,"13":1,"14":1,"15":1,"16":1,"17":1,"18":1,"19":1,"20":1,"21":1,"22":1,"23":1,"24":1,"25":1,"26":1,"27":1,"28":1,"29":1,"30":2,"31":2,"32":2,"33":2,"34":2,"35":2,"36":1,"37":2,"38":1,"39":1,"40":1,"41":1,"42":2,"43":1,"44":1,"45":1,"46":2,"47":2,"48":2,"49":2,"50":1,"51":1,"52":1,"53":1,"54":1,"55":1,"56":1},"branchMap":{"0":{"type":"branch","line":3,"loc":{"start":{"line":3,"column":29},"end":{"line":14,"column":2}},"locations":[{"start":{"line":3,"column":29},"end":{"line":14,"column":2}}]},"1":{"type":"branch","line":8,"loc":{"start":{"line":8,"column":31},"end":{"line":11,"column":3}},"locations":[{"start":{"line":8,"column":31},"end":{"line":11,"column":3}}]},"2":{"type":"branch","line":15,"loc":{"start":{"line":15,"column":36},"end":{"line":23,"column":2}},"locations":[{"start":{"line":15,"column":36},"end":{"line":23,"column":2}}]},"3":{"type":"branch","line":24,"loc":{"start":{"line":24,"column":28},"end":{"line":28,"column":2}},"locations":[{"start":{"line":24,"column":28},"end":{"line":28,"column":2}}]},"4":{"type":"branch","line":26,"loc":{"start":{"line":26,"column":53},"end":{"line":26,"column":60}},"locations":[{"start":{"line":26,"column":53},"end":{"line":26,"column":60}}]},"5":{"type":"branch","line":30,"loc":{"start":{"line":30,"column":29},"end":{"line":43,"column":2}},"locations":[{"start":{"line":30,"column":29},"end":{"line":43,"column":2}}]},"6":{"type":"branch","line":36,"loc":{"start":{"line":36,"column":41},"end":{"line":37,"column":62}},"locations":[{"start":{"line":36,"column":41},"end":{"line":37,"column":62}}]},"7":{"type":"branch","line":38,"loc":{"start":{"line":38,"column":4},"end":{"line":42,"column":3}},"locations":[{"start":{"line":38,"column":4},"end":{"line":42,"column":3}}]},"8":{"type":"branch","line":44,"loc":{"start":{"line":44,"column":37},"end":{"line":57,"column":2}},"locations":[{"start":{"line":44,"column":37},"end":{"line":57,"column":2}}]},"9":{"type":"branch","line":46,"loc":{"start":{"line":46,"column":34},"end":{"line":50,"column":3}},"locations":[{"start":{"line":46,"column":34},"end":{"line":50,"column":3}}]}},"b":{"0":[1],"1":[16],"2":[1],"3":[1],"4":[0],"5":[2],"6":[1],"7":[1],"8":[1],"9":[2]},"fnMap":{"0":{"name":"generateToken","decl":{"start":{"line":3,"column":29},"end":{"line":14,"column":2}},"loc":{"start":{"line":3,"column":29},"end":{"line":14,"column":2}},"line":3},"1":{"name":"generateExpiredToken","decl":{"start":{"line":15,"column":36},"end":{"line":23,"column":2}},"loc":{"start":{"line":15,"column":36},"end":{"line":23,"column":2}},"line":15},"2":{"name":"isValidToken","decl":{"start":{"line":24,"column":28},"end":{"line":28,"column":2}},"loc":{"start":{"line":24,"column":28},"end":{"line":28,"column":2}},"line":24},"3":{"name":"validarNumero","decl":{"start":{"line":30,"column":29},"end":{"line":43,"column":2}},"loc":{"start":{"line":30,"column":29},"end":{"line":43,"column":2}},"line":30},"4":{"name":"customErrorValidation","decl":{"start":{"line":44,"column":37},"end":{"line":57,"column":2}},"loc":{"start":{"line":44,"column":37},"end":{"line":57,"column":2}},"line":44}},"f":{"0":1,"1":1,"2":1,"3":2,"4":1}}
}
