TN:
SF:src/libs/utils.ts
FN:3,generateToken
FN:15,generateExpiredToken
FN:24,isValidToken
FN:30,validarNumero
FN:44,customErrorValidation
FNF:5
FNH:5
FNDA:1,generateToken
FNDA:1,generateExpiredToken
FNDA:1,isValidToken
FNDA:2,validarNumero
FNDA:1,customErrorValidation
DA:1,1
DA:2,1
DA:3,1
DA:4,1
DA:5,1
DA:6,1
DA:7,1
DA:8,1
DA:9,16
DA:10,16
DA:11,16
DA:12,1
DA:13,1
DA:14,1
DA:15,1
DA:16,1
DA:17,1
DA:18,1
DA:19,1
DA:20,1
DA:21,1
DA:22,1
DA:23,1
DA:24,1
DA:25,1
DA:26,1
DA:27,1
DA:28,1
DA:29,1
DA:30,1
DA:31,2
DA:32,2
DA:33,2
DA:34,2
DA:35,2
DA:36,2
DA:37,1
DA:38,2
DA:39,1
DA:40,1
DA:41,1
DA:42,1
DA:43,2
DA:44,1
DA:45,1
DA:46,1
DA:47,2
DA:48,2
DA:49,2
DA:50,2
DA:51,1
DA:52,1
DA:53,1
DA:54,1
DA:55,1
DA:56,1
DA:57,1
LF:57
LH:57
BRDA:3,0,0,1
BRDA:8,1,0,16
BRDA:15,2,0,1
BRDA:24,3,0,1
BRDA:26,4,0,0
BRDA:30,5,0,2
BRDA:36,6,0,1
BRDA:38,7,0,1
BRDA:44,8,0,1
BRDA:46,9,0,2
BRF:10
BRH:9
end_of_record
